<blueprint xmlns="http://www.osgi.org/xmlns/blueprint/v1.0.0"
	xmlns:xsi="http://www.w3.org/2001/XMLSchema-instance" xmlns:cxf="http://camel.apache.org/schema/blueprint/cxf"
	xmlns:jaxrs="http://cxf.apache.org/blueprint/jaxrs"
	xsi:schemaLocation="
             http://www.osgi.org/xmlns/blueprint/v1.0.0 http://www.osgi.org/xmlns/blueprint/v1.0.0/blueprint.xsd
             http://camel.apache.org/schema/blueprint/cxf
           http://camel.apache.org/schema/blueprint/cxf/camel-cxf.xsd
           http://cxf.apache.org/blueprint/jaxrs http://cxf.apache.org/schemas/blueprint/jaxrs.xsd">

	<bean id="cache" class="fr.broeglin.camel.ersatz.CacheService">
	</bean>

	<cxf:rsServer id="rsServer" address="http://localhost:8282"
		serviceClass="fr.broeglin.camel.ersatz.ErsatzService"
		loggingFeatureEnabled="true" loggingSizeLimit="20"  />

	<cxf:rsClient id="rsClient" address="http://localhost:8089"
		serviceClass="fr.broeglin.camel.ersatz.ErsatzService"
		loggingFeatureEnabled="true" />

	<camelContext xmlns="http://camel.apache.org/schema/blueprint" trace="true">
		<route>
			<from uri="cxfrs:bean:rsServer?bindingStyle=Default" />
			<log message="BODY: ${body}\nHEADERS: ${headers}"/>
			<bean ref="cache"/>
			<to uri="cxfrs:bean:rsClient?bindingStyle=Default" />
		</route>
	</camelContext>
</blueprint>